time="2020-05-24T14:38:14.400647024+08:00" level=info msg="Starting up"
time="2020-05-24T14:38:14.401421939+08:00" level=info msg="detected 127.0.0.53 nameserver, assuming systemd-resolved, so using resolv.conf: /run/systemd/resolve/resolv.conf"
time="2020-05-24T14:38:14.402169194+08:00" level=info msg="parsed scheme: \"unix\"" module=grpc
time="2020-05-24T14:38:14.402195137+08:00" level=info msg="scheme \"unix\" not registered, fallback to default scheme" module=grpc
time="2020-05-24T14:38:14.402218284+08:00" level=info msg="ccResolverWrapper: sending update to cc: {[{unix:///run/containerd/containerd.sock 0  <nil>}] <nil>}" module=grpc
time="2020-05-24T14:38:14.402236841+08:00" level=info msg="ClientConn switching balancer to \"pick_first\"" module=grpc
time="2020-05-24T14:38:14.404242055+08:00" level=info msg="parsed scheme: \"unix\"" module=grpc
time="2020-05-24T14:38:14.404275015+08:00" level=info msg="scheme \"unix\" not registered, fallback to default scheme" module=grpc
time="2020-05-24T14:38:14.404307077+08:00" level=info msg="ccResolverWrapper: sending update to cc: {[{unix:///run/containerd/containerd.sock 0  <nil>}] <nil>}" module=grpc
time="2020-05-24T14:38:14.404334658+08:00" level=info msg="ClientConn switching balancer to \"pick_first\"" module=grpc
time="2020-05-24T14:38:14.406728006+08:00" level=info msg="[graphdriver] using prior storage driver: overlay2"
time="2020-05-24T14:38:14.410802554+08:00" level=warning msg="Your kernel does not support swap memory limit"
time="2020-05-24T14:38:14.410821559+08:00" level=warning msg="Your kernel does not support cgroup rt period"
time="2020-05-24T14:38:14.410828583+08:00" level=warning msg="Your kernel does not support cgroup rt runtime"
time="2020-05-24T14:38:14.411038689+08:00" level=info msg="Loading containers: start."
time="2020-05-24T14:38:14.513764340+08:00" level=info msg="Default bridge (docker0) is assigned with an IP address 172.17.0.0/16. Daemon option --bip can be used to set a preferred IP address"
time="2020-05-24T14:38:14.674017595+08:00" level=info msg="Loading containers: done."
time="2020-05-24T14:38:14.703758776+08:00" level=info msg="Docker daemon" commit=369ce74a3c graphdriver(s)=overlay2 version=19.03.6
time="2020-05-24T14:38:14.703843757+08:00" level=info msg="Daemon has completed initialization"
time="2020-05-24T14:38:14.721477835+08:00" level=info msg="API listen on /var/run/docker.sock"
time="2020-05-24T14:38:50.656163417+08:00" level=info msg="Layer sha256:3d3bcf8fa080e3502d19aa6e0bb2076c09bd10d0a31998e344ff575ab5c16efc cleaned up"
time="2020-05-24T14:38:53.689285383+08:00" level=info msg="ignoring event" module=libcontainerd namespace=moby topic=/tasks/delete type="*events.TaskDelete"
time="2020-05-24T14:38:54.233545400+08:00" level=warning msg="could not write error response: write unix /var/run/docker.sock->@: write: broken pipe"
